<?xml version="1.0" encoding="UTF-8"?>
<!-- Generated by org.testng.reporters.JUnitReportReporter -->
<testsuite hostname="RAYAN" failures="0" tests="1" name="testRunner.runnerClass" time="13.575" errors="0" timestamp="2023-09-07T13:15:32 EDT" skipped="0">
  <testcase classname="testRunner.runnerClass" name="feature" time="13.575"/>
</testsuite> <!-- testRunner.runnerClass -->
